c:\users\汪永财\source\repos\datastruct_cpp\x64\debug\vc143.pdb
c:\users\汪永财\source\repos\datastruct_cpp\x64\debug\vc143.idb
c:\users\汪永财\source\repos\datastruct_cpp\x64\debug\string.obj
c:\users\汪永财\source\repos\datastruct_cpp\x64\debug\sqstack.obj
c:\users\汪永财\source\repos\datastruct_cpp\x64\debug\sqqueue.obj
c:\users\汪永财\source\repos\datastruct_cpp\x64\debug\sqlist.obj
c:\users\汪永财\source\repos\datastruct_cpp\x64\debug\matrix.obj
c:\users\汪永财\source\repos\datastruct_cpp\x64\debug\main.obj
c:\users\汪永财\source\repos\datastruct_cpp\x64\debug\linkstack.obj
c:\users\汪永财\source\repos\datastruct_cpp\x64\debug\linkqueue.obj
c:\users\汪永财\source\repos\datastruct_cpp\x64\debug\linklist.obj
c:\users\汪永财\source\repos\datastruct_cpp\x64\debug\dlinklist.obj
c:\users\汪永财\source\repos\datastruct_cpp\x64\debug\algorithm.obj
c:\users\汪永财\source\repos\datastruct_cpp\x64\debug\bintree.obj
c:\users\汪永财\source\repos\datastruct_cpp\x64\debug\datastruct_cpp.exe
c:\users\汪永财\source\repos\datastruct_cpp\x64\debug\datastruct_cpp.ilk
c:\users\汪永财\source\repos\datastruct_cpp\x64\debug\datastruct_cpp.pdb
c:\users\汪永财\source\repos\datastruct_cpp\x64\debug\bitree.obj
c:\users\汪永财\source\repos\datastruct_cpp\x64\debug\mgraph.obj
c:\users\汪永财\source\repos\datastruct_cpp\x64\debug\sort.obj
c:\users\汪永财\source\repos\datastruct_cpp\x64\debug\algorithm.obj.enc
c:\users\汪永财\source\repos\datastruct_cpp\x64\debug\bintree.obj.enc
c:\users\汪永财\source\repos\datastruct_cpp\x64\debug\bitree.obj.enc
c:\users\汪永财\source\repos\datastruct_cpp\x64\debug\sort.obj.enc
c:\users\汪永财\source\repos\datastruct_cpp\x64\debug\datastruct_cpp.tlog\cl.command.1.tlog
c:\users\汪永财\source\repos\datastruct_cpp\x64\debug\datastruct_cpp.tlog\cl.items.tlog
c:\users\汪永财\source\repos\datastruct_cpp\x64\debug\datastruct_cpp.tlog\cl.read.1.tlog
c:\users\汪永财\source\repos\datastruct_cpp\x64\debug\datastruct_cpp.tlog\cl.write.1.tlog
c:\users\汪永财\source\repos\datastruct_cpp\x64\debug\datastruct_cpp.tlog\link.command.1.tlog
c:\users\汪永财\source\repos\datastruct_cpp\x64\debug\datastruct_cpp.tlog\link.read.1.tlog
c:\users\汪永财\source\repos\datastruct_cpp\x64\debug\datastruct_cpp.tlog\link.write.1.tlog
